<?xml version="1.0" encoding="UTF-8"?>
<testng-results ignored="0" total="1" passed="1" failed="0" skipped="0">
  <reporter-output>
    <line>
      <![CDATA[maven]]>
    </line>
  </reporter-output>
  <suite started-at="2024-01-19T19:18:02 IST" name="Default suite" finished-at="2024-01-19T19:18:02 IST" duration-ms="207">
    <groups>
    </groups>
    <test started-at="2024-01-19T19:18:02 IST" name="Default test" finished-at="2024-01-19T19:18:02 IST" duration-ms="207">
      <class name="com.maven1.Login">
        <test-method signature="username()[pri:0, instance:com.maven1.Login@222545dc]" started-at="2024-01-19T19:18:02 IST" name="username" finished-at="2024-01-19T19:18:02 IST" duration-ms="66" status="PASS">
          <reporter-output>
            <line>
              <![CDATA[maven]]>
            </line>
          </reporter-output>
        </test-method> <!-- username -->
      </class> <!-- com.maven1.Login -->
    </test> <!-- Default test -->
  </suite> <!-- Default suite -->
</testng-results>
